library_alipay/build/outputs/logs/manifest-merger-release-report.txt
-- Merging decision tree log ---
manifest
ADDED from src\main\AndroidManifest.xml:1:1-15:12
INJECTED from src\main\AndroidManifest.xml:1:1-15:12
INJECTED from src\main\AndroidManifest.xml:1:1-15:12
INJECTED from src\main\AndroidManifest.xml:1:1-15:12
INJECTED from src\main\AndroidManifest.xml:1:1-15:12
INJECTED from src\main\AndroidManifest.xml:1:1-15:12
INJECTED from src\main\AndroidManifest.xml:1:1-15:12
	package
		ADDED from src\main\AndroidManifest.xml:2:5-41
		INJECTED from src\main\AndroidManifest.xml
		INJECTED from src\main\AndroidManifest.xml
	android:versionName
		ADDED from src\main\AndroidManifest.xml:4:5-30
		INJECTED from src\main\AndroidManifest.xml
		INJECTED from src\main\AndroidManifest.xml
	xmlns:android
		ADDED from src\main\AndroidManifest.xml:1:11-69
	android:versionCode
		ADDED from src\main\AndroidManifest.xml:3:5-28
		INJECTED from src\main\AndroidManifest.xml
		INJECTED from src\main\AndroidManifest.xml
application
ADDED from src\main\AndroidManifest.xml:6:5-13:19
	android:allowBackup
		ADDED from src\main\AndroidManifest.xml:7:9-35
	android:theme
		ADDED from src\main\AndroidManifest.xml:8:9-40
activity#com.alipay.android.app.sdk.WapPayActivity
ADDED from src\main\AndroidManifest.xml:9:9-12:20
	android:screenOrientation
		ADDED from src\main\AndroidManifest.xml:11:13-49
	android:name
		ADDED from src\main\AndroidManifest.xml:10:13-69
uses-sdk
INJECTED from src\main\AndroidManifest.xml reason: use-sdk injection requested
INJECTED from src\main\AndroidManifest.xml
INJECTED from src\main\AndroidManifest.xml
INJECTED from src\main\AndroidManifest.xml
INJECTED from src\main\AndroidManifest.xml
	android:targetSdkVersion
		INJECTED from src\main\AndroidManifest.xml
		ADDED from src\main\AndroidManifest.xml
		INJECTED from src\main\AndroidManifest.xml
	android:minSdkVersion
		INJECTED from src\main\AndroidManifest.xml
		ADDED from src\main\AndroidManifest.xml
		INJECTED from src\main\AndroidManifest.xml